Watching for file changes with StatReloader
This is a test error log.
Watching for file changes with StatReloader
This is a test error log.
Watching for file changes with StatReloader
This is a test error log.
Watching for file changes with StatReloader
This is a test error log.
Consumer connected
Consumer disconnected
Consumer connected
Using proactor: IocpProactor
Using proactor: IocpProactor
This is a test error log.
Using selector: SelectSelector
Using selector: SelectSelector
This is a test error log.
Using selector: SelectSelector
Using selector: SelectSelector
This is a test error log.
Using selector: SelectSelector
Using selector: SelectSelector
Using selector: SelectSelector
This is a test error log.
Using selector: SelectSelector
Consumer disconnected
Consumer connected
Consumer disconnected
Using selector: SelectSelector
Using selector: SelectSelector
This is a test error log.
Using selector: SelectSelector
Consumer connected
Consumer disconnected
Consumer connected
Consumer disconnected
Consumer connected
Consumer disconnected
Consumer connected
Consumer disconnected
Consumer connected
Consumer disconnected
Consumer connected
Consumer disconnected
Consumer connected
Consumer disconnected
Consumer connected
Consumer disconnected
Consumer connected
Consumer disconnected
Consumer connected
Consumer disconnected
Consumer connected
Received event: {"type":"update.notification.count"}
Watching for file changes with StatReloader
This is a test error log.
Consumer disconnected
Consumer connected
Received event: {"type":"update.notification.count"}
Consumer disconnected
Consumer connected
Received event: {"type":"update.notification.count"}
Consumer disconnected
Consumer connected
Received event: {"type":"update.notification.count"}
Consumer disconnected
Consumer connected
Received event: {"type":"update.notification.count"}
Consumer disconnected
Consumer connected
Received event: {"type":"update.notification.count"}
Consumer disconnected
Watching for file changes with StatReloader
This is a test error log.
Consumer connected
Received event: {"type":"update.notification.count"}
Consumer disconnected
Consumer connected
Received event: {"type":"update.notification.count"}
Consumer disconnected
Consumer connected
Received event: {"type":"update_notification_count"}
Consumer disconnected
Consumer connected
Received event: {"type":"update_notification_count"}
Consumer disconnected
Consumer connected
Received event: {"type":"update.notification.count"}
Consumer disconnected
Consumer connected
Received event: {"type":"update.notification.count"}
Consumer disconnected
Watching for file changes with StatReloader
This is a test error log.
Consumer connected
Consumer disconnected
Consumer connected
Consumer disconnected
Consumer connected
Consumer disconnected
Watching for file changes with StatReloader
This is a test error log.
Watching for file changes with StatReloader
This is a test error log.
D:\pages_perso\Websites\Practices\python\django\notifications-badge\myproj\notifapi\signals.py changed, reloading.
Watching for file changes with StatReloader
This is a test error log.
D:\pages_perso\Websites\Practices\python\django\notifications-badge\myproj\notifapi\signals.py changed, reloading.
Watching for file changes with StatReloader
This is a test error log.
D:\pages_perso\Websites\Practices\python\django\notifications-badge\myproj\notifapi\signals.py changed, reloading.
Watching for file changes with StatReloader
This is a test error log.
D:\pages_perso\Websites\Practices\python\django\notifications-badge\myproj\notifapi\consumers.py changed, reloading.
Watching for file changes with StatReloader
This is a test error log.
D:\pages_perso\Websites\Practices\python\django\notifications-badge\myproj\notifapi\consumers.py changed, reloading.
Watching for file changes with StatReloader
This is a test error log.
D:\pages_perso\Websites\Practices\python\django\notifications-badge\myproj\notifapi\consumers.py changed, reloading.
Watching for file changes with StatReloader
This is a test error log.
D:\pages_perso\Websites\Practices\python\django\notifications-badge\myproj\notifapi\consumers.py changed, reloading.
Watching for file changes with StatReloader
This is a test error log.
D:\pages_perso\Websites\Practices\python\django\notifications-badge\myproj\notifapi\consumers.py changed, reloading.
Watching for file changes with StatReloader
This is a test error log.
D:\pages_perso\Websites\Practices\python\django\notifications-badge\myproj\notifapi\consumers.py changed, reloading.
Watching for file changes with StatReloader
This is a test error log.
D:\pages_perso\Websites\Practices\python\django\notifications-badge\myproj\notifapi\consumers.py changed, reloading.
Watching for file changes with StatReloader
This is a test error log.
D:\pages_perso\Websites\Practices\python\django\notifications-badge\myproj\notifapi\consumers.py changed, reloading.
Watching for file changes with StatReloader
This is a test error log.
Watching for file changes with StatReloader
This is a test error log.
D:\pages_perso\Websites\Practices\python\django\notifications-badge\myproj\notifapi\consumers.py changed, reloading.
Watching for file changes with StatReloader
This is a test error log.
D:\pages_perso\Websites\Practices\python\django\notifications-badge\myproj\notifapi\signals.py changed, reloading.
Watching for file changes with StatReloader
This is a test error log.
D:\pages_perso\Websites\Practices\python\django\notifications-badge\myproj\notifapi\signals.py changed, reloading.
Watching for file changes with StatReloader
This is a test error log.
D:\pages_perso\Websites\Practices\python\django\notifications-badge\myproj\notifapi\signals.py changed, reloading.
Watching for file changes with StatReloader
This is a test error log.
D:\pages_perso\Websites\Practices\python\django\notifications-badge\myproj\notifapi\consumers.py changed, reloading.
Watching for file changes with StatReloader
This is a test error log.
D:\pages_perso\Websites\Practices\python\django\notifications-badge\myproj\notifapi\consumers.py changed, reloading.
Watching for file changes with StatReloader
This is a test error log.
D:\pages_perso\Websites\Practices\python\django\notifications-badge\myproj\notifapi\signals.py changed, reloading.
Watching for file changes with StatReloader
This is a test error log.
D:\pages_perso\Websites\Practices\python\django\notifications-badge\myproj\notifapi\consumers.py changed, reloading.
Watching for file changes with StatReloader
This is a test error log.
Using proactor: IocpProactor
D:\pages_perso\Websites\Practices\python\django\notifications-badge\myproj\notifapi\consumers.py changed, reloading.
Watching for file changes with StatReloader
This is a test error log.
Using proactor: IocpProactor
D:\pages_perso\Websites\Practices\python\django\notifications-badge\myproj\notifapi\consumers.py changed, reloading.
Watching for file changes with StatReloader
This is a test error log.
Using proactor: IocpProactor
D:\pages_perso\Websites\Practices\python\django\notifications-badge\myproj\myproj\settings.py changed, reloading.
Watching for file changes with StatReloader
This is a test error log.
D:\pages_perso\Websites\Practices\python\django\notifications-badge\myproj\myproj\settings.py changed, reloading.
Watching for file changes with StatReloader
This is a test error log.
Using proactor: IocpProactor
Watching for file changes with StatReloader
This is a test error log.
Not Found: /favicon.ico
Using proactor: IocpProactor
D:\pages_perso\Websites\Practices\python\django\notifications-badge\myproj\notifapi\signals.py changed, reloading.
Watching for file changes with StatReloader
This is a test error log.
D:\pages_perso\Websites\Practices\python\django\notifications-badge\myproj\notifapi\signals.py changed, reloading.
Watching for file changes with StatReloader
This is a test error log.
Watching for file changes with StatReloader
This is a test error log.
D:\pages_perso\Websites\Practices\python\django\notifications-badge\myproj\notifapi\signals.py changed, reloading.
Watching for file changes with StatReloader
This is a test error log.
D:\pages_perso\Websites\Practices\python\django\notifications-badge\myproj\notifapi\signals.py changed, reloading.
Watching for file changes with StatReloader
This is a test error log.
Using proactor: IocpProactor
Using proactor: IocpProactor
Using proactor: IocpProactor
D:\pages_perso\Websites\Practices\python\django\notifications-badge\myproj\notifapi\signals.py changed, reloading.
Watching for file changes with StatReloader
This is a test error log.
Internal Server Error: /admin/notifapi/notifymodel/add/
Traceback (most recent call last):
  File "D:\pages_perso\Websites\Practices\python\django\notifications-badge\mvenv\lib\site-packages\django\core\handlers\exception.py", line 55, in inner
    response = get_response(request)
  File "D:\pages_perso\Websites\Practices\python\django\notifications-badge\mvenv\lib\site-packages\django\core\handlers\base.py", line 197, in _get_response
    response = wrapped_callback(request, *callback_args, **callback_kwargs)
  File "D:\pages_perso\Websites\Practices\python\django\notifications-badge\mvenv\lib\site-packages\django\contrib\admin\options.py", line 688, in wrapper
    return self.admin_site.admin_view(view)(*args, **kwargs)
  File "D:\pages_perso\Websites\Practices\python\django\notifications-badge\mvenv\lib\site-packages\django\utils\decorators.py", line 134, in _wrapper_view
    response = view_func(request, *args, **kwargs)
  File "D:\pages_perso\Websites\Practices\python\django\notifications-badge\mvenv\lib\site-packages\django\views\decorators\cache.py", line 62, in _wrapper_view_func
    response = view_func(request, *args, **kwargs)
  File "D:\pages_perso\Websites\Practices\python\django\notifications-badge\mvenv\lib\site-packages\django\contrib\admin\sites.py", line 242, in inner
    return view(request, *args, **kwargs)
  File "D:\pages_perso\Websites\Practices\python\django\notifications-badge\mvenv\lib\site-packages\django\contrib\admin\options.py", line 1886, in add_view
    return self.changeform_view(request, None, form_url, extra_context)
  File "D:\pages_perso\Websites\Practices\python\django\notifications-badge\mvenv\lib\site-packages\django\utils\decorators.py", line 46, in _wrapper
    return bound_method(*args, **kwargs)
  File "D:\pages_perso\Websites\Practices\python\django\notifications-badge\mvenv\lib\site-packages\django\utils\decorators.py", line 134, in _wrapper_view
    response = view_func(request, *args, **kwargs)
  File "D:\pages_perso\Websites\Practices\python\django\notifications-badge\mvenv\lib\site-packages\django\contrib\admin\options.py", line 1747, in changeform_view
    return self._changeform_view(request, object_id, form_url, extra_context)
  File "D:\pages_perso\Websites\Practices\python\django\notifications-badge\mvenv\lib\site-packages\django\contrib\admin\options.py", line 1798, in _changeform_view
    self.save_model(request, new_object, form, not add)
  File "D:\pages_perso\Websites\Practices\python\django\notifications-badge\mvenv\lib\site-packages\django\contrib\admin\options.py", line 1227, in save_model
    obj.save()
  File "D:\pages_perso\Websites\Practices\python\django\notifications-badge\mvenv\lib\site-packages\django\db\models\base.py", line 814, in save
    self.save_base(
  File "D:\pages_perso\Websites\Practices\python\django\notifications-badge\mvenv\lib\site-packages\django\db\models\base.py", line 892, in save_base
    post_save.send(
  File "D:\pages_perso\Websites\Practices\python\django\notifications-badge\mvenv\lib\site-packages\django\dispatch\dispatcher.py", line 176, in send
    return [
  File "D:\pages_perso\Websites\Practices\python\django\notifications-badge\mvenv\lib\site-packages\django\dispatch\dispatcher.py", line 177, in <listcomp>
    (receiver, receiver(signal=self, sender=sender, **named))
  File "D:\pages_perso\Websites\Practices\python\django\notifications-badge\myproj\notifapi\signals.py", line 23, in notification_created
    loop = asyncio.get_event_loop()
  File "C:\Program Files\Python39\lib\asyncio\events.py", line 642, in get_event_loop
    raise RuntimeError('There is no current event loop in thread %r.'
RuntimeError: There is no current event loop in thread 'Thread-2'.
D:\pages_perso\Websites\Practices\python\django\notifications-badge\myproj\notifapi\signals.py changed, reloading.
Watching for file changes with StatReloader
This is a test error log.
D:\pages_perso\Websites\Practices\python\django\notifications-badge\myproj\notifapi\signals.py changed, reloading.
Watching for file changes with StatReloader
This is a test error log.
Using proactor: IocpProactor
Using proactor: IocpProactor
Using proactor: IocpProactor
D:\pages_perso\Websites\Practices\python\django\notifications-badge\myproj\notifapi\signals.py changed, reloading.
Watching for file changes with StatReloader
This is a test error log.
Internal Server Error: /admin/notifapi/notifymodel/add/
Traceback (most recent call last):
  File "D:\pages_perso\Websites\Practices\python\django\notifications-badge\mvenv\lib\site-packages\django\core\handlers\exception.py", line 55, in inner
    response = get_response(request)
  File "D:\pages_perso\Websites\Practices\python\django\notifications-badge\mvenv\lib\site-packages\django\core\handlers\base.py", line 197, in _get_response
    response = wrapped_callback(request, *callback_args, **callback_kwargs)
  File "D:\pages_perso\Websites\Practices\python\django\notifications-badge\mvenv\lib\site-packages\django\contrib\admin\options.py", line 688, in wrapper
    return self.admin_site.admin_view(view)(*args, **kwargs)
  File "D:\pages_perso\Websites\Practices\python\django\notifications-badge\mvenv\lib\site-packages\django\utils\decorators.py", line 134, in _wrapper_view
    response = view_func(request, *args, **kwargs)
  File "D:\pages_perso\Websites\Practices\python\django\notifications-badge\mvenv\lib\site-packages\django\views\decorators\cache.py", line 62, in _wrapper_view_func
    response = view_func(request, *args, **kwargs)
  File "D:\pages_perso\Websites\Practices\python\django\notifications-badge\mvenv\lib\site-packages\django\contrib\admin\sites.py", line 242, in inner
    return view(request, *args, **kwargs)
  File "D:\pages_perso\Websites\Practices\python\django\notifications-badge\mvenv\lib\site-packages\django\contrib\admin\options.py", line 1886, in add_view
    return self.changeform_view(request, None, form_url, extra_context)
  File "D:\pages_perso\Websites\Practices\python\django\notifications-badge\mvenv\lib\site-packages\django\utils\decorators.py", line 46, in _wrapper
    return bound_method(*args, **kwargs)
  File "D:\pages_perso\Websites\Practices\python\django\notifications-badge\mvenv\lib\site-packages\django\utils\decorators.py", line 134, in _wrapper_view
    response = view_func(request, *args, **kwargs)
  File "D:\pages_perso\Websites\Practices\python\django\notifications-badge\mvenv\lib\site-packages\django\contrib\admin\options.py", line 1747, in changeform_view
    return self._changeform_view(request, object_id, form_url, extra_context)
  File "D:\pages_perso\Websites\Practices\python\django\notifications-badge\mvenv\lib\site-packages\django\contrib\admin\options.py", line 1798, in _changeform_view
    self.save_model(request, new_object, form, not add)
  File "D:\pages_perso\Websites\Practices\python\django\notifications-badge\mvenv\lib\site-packages\django\contrib\admin\options.py", line 1227, in save_model
    obj.save()
  File "D:\pages_perso\Websites\Practices\python\django\notifications-badge\mvenv\lib\site-packages\django\db\models\base.py", line 814, in save
    self.save_base(
  File "D:\pages_perso\Websites\Practices\python\django\notifications-badge\mvenv\lib\site-packages\django\db\models\base.py", line 892, in save_base
    post_save.send(
  File "D:\pages_perso\Websites\Practices\python\django\notifications-badge\mvenv\lib\site-packages\django\dispatch\dispatcher.py", line 176, in send
    return [
  File "D:\pages_perso\Websites\Practices\python\django\notifications-badge\mvenv\lib\site-packages\django\dispatch\dispatcher.py", line 177, in <listcomp>
    (receiver, receiver(signal=self, sender=sender, **named))
  File "D:\pages_perso\Websites\Practices\python\django\notifications-badge\myproj\notifapi\signals.py", line 22, in send_update_notification
    loop = asyncio.get_event_loop()
  File "C:\Program Files\Python39\lib\asyncio\events.py", line 642, in get_event_loop
    raise RuntimeError('There is no current event loop in thread %r.'
RuntimeError: There is no current event loop in thread 'Thread-1'.
D:\pages_perso\Websites\Practices\python\django\notifications-badge\myproj\notifapi\signals.py changed, reloading.
Watching for file changes with StatReloader
This is a test error log.
Using proactor: IocpProactor
Using proactor: IocpProactor
D:\pages_perso\Websites\Practices\python\django\notifications-badge\myproj\notifapi\signals.py changed, reloading.
Watching for file changes with StatReloader
This is a test error log.
D:\pages_perso\Websites\Practices\python\django\notifications-badge\myproj\notifapi\signals.py changed, reloading.
Watching for file changes with StatReloader
This is a test error log.
Not Found: /favicon.ico
D:\pages_perso\Websites\Practices\python\django\notifications-badge\myproj\notifapi\signals.py changed, reloading.
Watching for file changes with StatReloader
This is a test error log.
D:\pages_perso\Websites\Practices\python\django\notifications-badge\myproj\notifapi\signals.py changed, reloading.
Watching for file changes with StatReloader
This is a test error log.
D:\pages_perso\Websites\Practices\python\django\notifications-badge\myproj\notifapi\signals.py changed, reloading.
Watching for file changes with StatReloader
This is a test error log.
Using proactor: IocpProactor
D:\pages_perso\Websites\Practices\python\django\notifications-badge\myproj\notifapi\signals.py changed, reloading.
Watching for file changes with StatReloader
This is a test error log.
Using proactor: IocpProactor
D:\pages_perso\Websites\Practices\python\django\notifications-badge\myproj\notifapi\signals.py changed, reloading.
Watching for file changes with StatReloader
This is a test error log.
Using proactor: IocpProactor
D:\pages_perso\Websites\Practices\python\django\notifications-badge\myproj\notifapi\signals.py changed, reloading.
Watching for file changes with StatReloader
This is a test error log.
Using proactor: IocpProactor
D:\pages_perso\Websites\Practices\python\django\notifications-badge\myproj\notifapi\signals.py changed, reloading.
Watching for file changes with StatReloader
This is a test error log.
D:\pages_perso\Websites\Practices\python\django\notifications-badge\myproj\notifapi\signals.py changed, reloading.
Watching for file changes with StatReloader
This is a test error log.
Using proactor: IocpProactor
Using proactor: IocpProactor
D:\pages_perso\Websites\Practices\python\django\notifications-badge\myproj\notifapi\signals.py changed, reloading.
Watching for file changes with StatReloader
This is a test error log.
